<?xml version="1.0" encoding="UTF-8"?>
<testsuite xmlns:xsi="http://www.w3.org/2001/XMLSchema-instance" xsi:noNamespaceSchemaLocation="https://maven.apache.org/surefire/maven-surefire-plugin/xsd/surefire-test-report-3.0.xsd" version="3.0" name="JobSelectionTest" time="0.05" tests="3" errors="0" skipped="0" failures="0">
  <properties>
[...]
</properties>
  <testcase name="isParent_true" classname="JobSelectionTest" time="0.035"/>
  <testcase name="isParent_false" classname="JobSelectionTest" time="0"/>
  <testcase name="cyclicrelationship_exceptionCase" classname="JobSelectionTest" time="0"/>
</testsuite>